<?xml version="1.0" encoding="UTF-8"?>
<!-- Generated by org.testng.reporters.JUnitXMLReporter -->
<testsuite ignored="0" hostname="INBOOK_X3_Slim" failures="0" tests="4" name="Admin Module Tests" time="94.308" errors="0" timestamp="2025-11-02T20:53:18 IST">
  <testcase classname="com.orangehrm.tests.admin.AdminTest" name="testLeftMenuOptionsAndNavigateToAdmin" time="13.944"/>
  <testcase classname="com.orangehrm.tests.admin.AdminTest" name="testSearchByUsername" time="16.235"/>
  <testcase classname="com.orangehrm.tests.admin.AdminTest" name="testSearchByUserRole" time="16.237"/>
  <testcase classname="com.orangehrm.tests.admin.AdminTest" name="testSearchByUserStatus" time="13.51"/>
</testsuite> <!-- Admin Module Tests -->
