<?xml version="1.0" encoding="UTF-8"?>
<!-- Generated by org.testng.reporters.JUnitXMLReporter -->
<testsuite ignored="0" hostname="INBOOK_X3_Slim" failures="4" tests="7" name="Login Module Tests" time="150.18" errors="0" timestamp="2025-11-02T20:51:44 IST">
  <testcase classname="com.orangehrm.tests.LoginTest" name="testLoginWithMultipleData" time="11.846"/>
  <testcase classname="com.orangehrm.tests.LoginTest" name="testLoginWithMultipleData" time="16.593">
    <failure type="java.lang.AssertionError" message="Error message should be displayed for invalid credentials expected [true] but found [false]">
      <![CDATA[java.lang.AssertionError: Error message should be displayed for invalid credentials expected [true] but found [false]
at com.orangehrm.tests.LoginTest.testLoginWithMultipleData(LoginTest.java:76)
at java.base/java.util.ArrayList.forEach(ArrayList.java:1596)
... Removed 28 stack frames]]>
    </failure>
  </testcase> <!-- testLoginWithMultipleData -->
  <testcase classname="com.orangehrm.tests.LoginTest" name="testLoginWithMultipleData" time="6.772"/>
  <testcase classname="com.orangehrm.tests.LoginTest" name="testLoginWithMultipleData" time="6.689"/>
  <testcase classname="com.orangehrm.tests.LoginTest" name="testLoginWithMultipleData" time="14.85">
    <failure type="java.lang.AssertionError" message="Error message should be displayed for invalid credentials expected [true] but found [false]">
      <![CDATA[java.lang.AssertionError: Error message should be displayed for invalid credentials expected [true] but found [false]
at com.orangehrm.tests.LoginTest.testLoginWithMultipleData(LoginTest.java:76)
at java.base/java.util.ArrayList.forEach(ArrayList.java:1596)
... Removed 28 stack frames]]>
    </failure>
  </testcase> <!-- testLoginWithMultipleData -->
  <testcase classname="com.orangehrm.tests.LoginTest" name="testLoginWithMultipleData" time="15.448">
    <failure type="java.lang.AssertionError" message="Error message should be displayed for invalid credentials expected [true] but found [false]">
      <![CDATA[java.lang.AssertionError: Error message should be displayed for invalid credentials expected [true] but found [false]
at com.orangehrm.tests.LoginTest.testLoginWithMultipleData(LoginTest.java:76)
at java.base/java.util.ArrayList.forEach(ArrayList.java:1596)
... Removed 28 stack frames]]>
    </failure>
  </testcase> <!-- testLoginWithMultipleData -->
  <testcase classname="com.orangehrm.tests.LoginTest" name="testLoginWithMultipleData" time="14.919">
    <failure type="java.lang.AssertionError" message="Error message should be displayed for invalid credentials expected [true] but found [false]">
      <![CDATA[java.lang.AssertionError: Error message should be displayed for invalid credentials expected [true] but found [false]
at com.orangehrm.tests.LoginTest.testLoginWithMultipleData(LoginTest.java:76)
at java.base/java.util.ArrayList.forEach(ArrayList.java:1596)
... Removed 28 stack frames]]>
    </failure>
  </testcase> <!-- testLoginWithMultipleData -->
</testsuite> <!-- Login Module Tests -->
