<?xml version="1.0" encoding="UTF-8"?>
<!-- Generated by org.testng.reporters.JUnitReportReporter -->
<testsuite hostname="INBOOK_X3_Slim" failures="0" tests="4" name="com.orangehrm.tests.admin.AdminTest" time="94.284" errors="0" timestamp="2025-11-02T20:53:18 IST" skipped="0">
  <testcase classname="com.orangehrm.tests.admin.AdminTest" name="testLeftMenuOptionsAndNavigateToAdmin" time="21.810"/>
  <testcase classname="com.orangehrm.tests.admin.AdminTest" name="testSearchByUsername" time="29.214"/>
  <testcase classname="com.orangehrm.tests.admin.AdminTest" name="testSearchByUserRole" time="22.244"/>
  <testcase classname="com.orangehrm.tests.admin.AdminTest" name="testSearchByUserStatus" time="21.016"/>
</testsuite> <!-- com.orangehrm.tests.admin.AdminTest -->
