<!DOCTYPE html PUBLIC "-//W3C//DTD XHTML 1.1//EN" "https://www.w3.org/TR/xhtml11/DTD/xhtml11.dtd">
<html xmlns="https://www.w3.org/1999/xhtml">
<head>
<meta http-equiv="content-type" content="text/html; charset=UTF-8"/>
<title>TestNG Report</title>
<style type="text/css">table {margin-bottom:10px;border-collapse:collapse;empty-cells:show}th,td {border:1px solid #009;padding:.25em .5em}th {vertical-align:bottom}td {vertical-align:top}table a {font-weight:bold}.stripe td {background-color: #E6EBF9}.num {text-align:right}.passedodd td {background-color: #3F3}.passedeven td {background-color: #0A0}.skippedodd td {background-color: #DDD}.skippedeven td {background-color: #CCC}.failedodd td,.attn {background-color: #F33}.failedeven td,.stripe .attn {background-color: #D00}.stacktrace {white-space:pre;font-family:monospace}.totop {font-size:85%;text-align:center;border-bottom:2px solid #000}.invisible {display:none}</style>
</head>
<body>
<table>
<tr><th>Test</th><th># Passed</th><th># Skipped</th><th># Retried</th><th># Failed</th><th>Time (ms)</th><th>Included Groups</th><th>Excluded Groups</th></tr>
<tr><th colspan="8">OrangeHRM Automation Suite</th></tr>
<tr><td><a href="#t0">Login Module Tests</a></td><td class="num">3</td><td class="num">0</td><td class="num">0</td><td class="num attn">4</td><td class="num">150,180</td><td></td><td></td></tr>
<tr class="stripe"><td><a href="#t1">Admin Module Tests</a></td><td class="num">4</td><td class="num">0</td><td class="num">0</td><td class="num">0</td><td class="num">94,308</td><td></td><td></td></tr>
<tr><th>Total</th><th class="num">7</th><th class="num">0</th><th class="num">0</th><th class="num attn">4</th><th class="num">244,488</th><th colspan="2"></th></tr>
</table>
<table id='summary'><thead><tr><th>Class</th><th>Method</th><th>Start</th><th>Time (ms)</th></tr></thead><tbody><tr><th colspan="4">OrangeHRM Automation Suite</th></tr></tbody><tbody id="t0"><tr><th colspan="4">Login Module Tests &#8212; failed</th></tr><tr class="failedeven"><td rowspan="4">com.orangehrm.tests.LoginTest</td><td><a href="#m0">testLoginWithMultipleData</a></td><td rowspan="4">1762096841422</td><td rowspan="4">14850</td></tr><tr class="failedeven"><td><a href="#m1">testLoginWithMultipleData</a></td></tr><tr class="failedeven"><td><a href="#m2">testLoginWithMultipleData</a></td></tr><tr class="failedeven"><td><a href="#m3">testLoginWithMultipleData</a></td></tr><tr><th colspan="4">Login Module Tests &#8212; passed</th></tr><tr class="passedeven"><td rowspan="3">com.orangehrm.tests.LoginTest</td><td><a href="#m4">testLoginWithMultipleData</a></td><td rowspan="3">1762096827687</td><td rowspan="3">6689</td></tr><tr class="passedeven"><td><a href="#m5">testLoginWithMultipleData</a></td></tr><tr class="passedeven"><td><a href="#m6">testLoginWithMultipleData</a></td></tr></tbody>
<tbody id="t1"><tr><th colspan="4">Admin Module Tests &#8212; passed</th></tr><tr class="passedeven"><td rowspan="4">com.orangehrm.tests.admin.AdminTest</td><td><a href="#m7">testLeftMenuOptionsAndNavigateToAdmin</a></td><td rowspan="1">1762096911146</td><td rowspan="1">13944</td></tr><tr class="passedeven"><td><a href="#m8">testSearchByUserRole</a></td><td rowspan="1">1762096961101</td><td rowspan="1">16237</td></tr><tr class="passedeven"><td><a href="#m9">testSearchByUserStatus</a></td><td rowspan="1">1762096983367</td><td rowspan="1">13510</td></tr><tr class="passedeven"><td><a href="#m10">testSearchByUsername</a></td><td rowspan="1">1762096938052</td><td rowspan="1">16235</td></tr></tbody>
</table>
<h2>Login Module Tests</h2><h3 id="m0">com.orangehrm.tests.LoginTest#testLoginWithMultipleData</h3><table class="result"><tr class="param"><th>Parameter #1</th><th>Parameter #2</th><th>Parameter #3</th><th>Parameter #4</th><th>Parameter #5</th></tr><tr class="param stripe"><td>TC005</td><td></td><td>admin123</td><td>FAIL</td><td>Empty username</td></tr><tr><th colspan="5">Exception</th></tr><tr><td colspan="5"><div class="stacktrace">java.lang.AssertionError: Error message should be displayed for invalid credentials expected [true] but found [false]
	at com.orangehrm.tests.LoginTest.testLoginWithMultipleData(LoginTest.java:76)
	at java.base/java.util.ArrayList.forEach(ArrayList.java:1596)
... Removed 28 stack frames</div></td></tr></table><p class="totop"><a href="#summary">back to summary</a></p>
<h3 id="m1">com.orangehrm.tests.LoginTest#testLoginWithMultipleData</h3><table class="result"><tr class="param"><th>Parameter #1</th><th>Parameter #2</th><th>Parameter #3</th><th>Parameter #4</th><th>Parameter #5</th></tr><tr class="param stripe"><td>TC007</td><td></td><td></td><td>FAIL</td><td>Empty username &amp; password</td></tr><tr><th colspan="5">Exception</th></tr><tr><td colspan="5"><div class="stacktrace">java.lang.AssertionError: Error message should be displayed for invalid credentials expected [true] but found [false]
	at com.orangehrm.tests.LoginTest.testLoginWithMultipleData(LoginTest.java:76)
	at java.base/java.util.ArrayList.forEach(ArrayList.java:1596)
... Removed 28 stack frames</div></td></tr></table><p class="totop"><a href="#summary">back to summary</a></p>
<h3 id="m2">com.orangehrm.tests.LoginTest#testLoginWithMultipleData</h3><table class="result"><tr class="param"><th>Parameter #1</th><th>Parameter #2</th><th>Parameter #3</th><th>Parameter #4</th><th>Parameter #5</th></tr><tr class="param stripe"><td>TC002</td><td>admin</td><td>admin123</td><td>FAIL</td><td>Invalid username case</td></tr><tr><th colspan="5">Exception</th></tr><tr><td colspan="5"><div class="stacktrace">java.lang.AssertionError: Error message should be displayed for invalid credentials expected [true] but found [false]
	at com.orangehrm.tests.LoginTest.testLoginWithMultipleData(LoginTest.java:76)
	at java.base/java.util.ArrayList.forEach(ArrayList.java:1596)
... Removed 28 stack frames</div></td></tr></table><p class="totop"><a href="#summary">back to summary</a></p>
<h3 id="m3">com.orangehrm.tests.LoginTest#testLoginWithMultipleData</h3><table class="result"><tr class="param"><th>Parameter #1</th><th>Parameter #2</th><th>Parameter #3</th><th>Parameter #4</th><th>Parameter #5</th></tr><tr class="param stripe"><td>TC006</td><td>Admin</td><td></td><td>FAIL</td><td>Empty password</td></tr><tr><th colspan="5">Exception</th></tr><tr><td colspan="5"><div class="stacktrace">java.lang.AssertionError: Error message should be displayed for invalid credentials expected [true] but found [false]
	at com.orangehrm.tests.LoginTest.testLoginWithMultipleData(LoginTest.java:76)
	at java.base/java.util.ArrayList.forEach(ArrayList.java:1596)
... Removed 28 stack frames</div></td></tr></table><p class="totop"><a href="#summary">back to summary</a></p>
<h3 id="m4">com.orangehrm.tests.LoginTest#testLoginWithMultipleData</h3><table class="result"><tr class="param"><th>Parameter #1</th><th>Parameter #2</th><th>Parameter #3</th><th>Parameter #4</th><th>Parameter #5</th></tr><tr class="param stripe"><td>TC004</td><td>invalid</td><td>invalid</td><td>FAIL</td><td>Both invalid</td></tr></table><p class="totop"><a href="#summary">back to summary</a></p>
<h3 id="m5">com.orangehrm.tests.LoginTest#testLoginWithMultipleData</h3><table class="result"><tr class="param"><th>Parameter #1</th><th>Parameter #2</th><th>Parameter #3</th><th>Parameter #4</th><th>Parameter #5</th></tr><tr class="param stripe"><td>TC001</td><td>Admin</td><td>admin123</td><td>PASS</td><td>Valid credentials</td></tr></table><p class="totop"><a href="#summary">back to summary</a></p>
<h3 id="m6">com.orangehrm.tests.LoginTest#testLoginWithMultipleData</h3><table class="result"><tr class="param"><th>Parameter #1</th><th>Parameter #2</th><th>Parameter #3</th><th>Parameter #4</th><th>Parameter #5</th></tr><tr class="param stripe"><td>TC003</td><td>Admin</td><td>wrongpass</td><td>FAIL</td><td>Invalid password</td></tr></table><p class="totop"><a href="#summary">back to summary</a></p>
<h2>Admin Module Tests</h2><h3 id="m7">com.orangehrm.tests.admin.AdminTest#testLeftMenuOptionsAndNavigateToAdmin</h3><table class="result"><tr><th class="invisible"/></tr></table><p class="totop"><a href="#summary">back to summary</a></p>
<h3 id="m8">com.orangehrm.tests.admin.AdminTest#testSearchByUserRole</h3><table class="result"><tr><th class="invisible"/></tr></table><p class="totop"><a href="#summary">back to summary</a></p>
<h3 id="m9">com.orangehrm.tests.admin.AdminTest#testSearchByUserStatus</h3><table class="result"><tr><th class="invisible"/></tr></table><p class="totop"><a href="#summary">back to summary</a></p>
<h3 id="m10">com.orangehrm.tests.admin.AdminTest#testSearchByUsername</h3><table class="result"><tr><th class="invisible"/></tr></table><p class="totop"><a href="#summary">back to summary</a></p>
</body>
</html>
